error: Error inserting data: [object Object] {"service":"user-service"}
error: Error inserting data: [object Object] {"service":"user-service"}
error: Error inserting data: [object Object] {"service":"user-service"}
error: Error inserting data: [object Object] {"service":"user-service"}
error: Error inserting data: [object Object] {"service":"user-service"}
info: MQTT Broker connected {"service":"user-service"}
error: Error inserting data: [object Object] {"service":"user-service"}
info: MQTT Broker connected {"service":"user-service"}
info: MQTT Broker connected {"service":"user-service"}
info: MQTT Broker connected {"service":"user-service"}
info: MQTT Broker connected {"service":"user-service"}
info: MQTT Broker connected {"service":"user-service"}
error: Error inserting data: [object Object] {"service":"user-service"}
error: Error inserting data: [object Object] {"service":"user-service"}
error: Error inserting data: [object Object] {"service":"user-service"}
error: Error inserting data: [object Object] {"service":"user-service"}
error: Error inserting data: [object Object] {"service":"user-service"}
error: Error inserting data: [object Object] {"service":"user-service"}
error: Error inserting data: [object Object] {"service":"user-service"}
error: Error inserting data: [object Object] {"service":"user-service"}
error: Error inserting data: [object Object] {"service":"user-service"}
error: Error inserting data: [object Object] {"service":"user-service"}
error: Error inserting data: [object Object] {"service":"user-service"}
error: Error inserting data: [object Object] {"service":"user-service"}
error: Error inserting data: [object Object] {"service":"user-service"}
error: Error inserting data: [object Object] {"service":"user-service"}
error: Error inserting data: [object Object] {"service":"user-service"}
error: Error inserting data: [object Object] {"service":"user-service"}
error: Error inserting data: [object Object] {"service":"user-service"}
info: MQTT Broker connected {"service":"user-service"}
error: [object Object] {"service":"user-service"}
error: [object Object] {"service":"user-service"}
error: [object Object] {"service":"user-service"}
error: [object Object] {"service":"user-service"}
error: [object Object] {"service":"user-service"}
error: [object Object] {"service":"user-service"}
error: [object Object] {"service":"user-service"}
error: [object Object] {"service":"user-service"}
error: [object Object] {"service":"user-service"}
error: [object Object] {"service":"user-service"}
info: MQTT Broker connected {"service":"user-service"}
error: [object Object] {"service":"user-service"}
error: [object Object] {"service":"user-service"}
error: [object Object] {"service":"user-service"}
error: [object Object] {"service":"user-service"}
error: [object Object] {"service":"user-service"}
error: [object Object] {"service":"user-service"}
error: [object Object] {"service":"user-service"}
error: [object Object] {"service":"user-service"}
error: [object Object] {"service":"user-service"}
error: [object Object] {"service":"user-service"}
error: [object Object] {"service":"user-service"}
error: [object Object] {"service":"user-service"}
error: [object Object] {"service":"user-service"}
info: MQTT Broker connected {"service":"user-service"}
error: [object Object] {"service":"user-service"}
error: [object Object] {"service":"user-service"}
info: MQTT Broker connected {"service":"user-service"}
error: [object Object] {"service":"user-service"}
error: [object Object] {"service":"user-service"}
error: [object Object] {"service":"user-service"}
error: [object Object] {"service":"user-service"}
error: [object Object] {"service":"user-service"}
error: [object Object] {"service":"user-service"}
info: MQTT Broker connected {"service":"user-service"}
info: Data inserted for device: mock_device {"service":"user-service"}
info: Data inserted for device: mock_device {"service":"user-service"}
info: Data inserted for device: mock_device {"service":"user-service"}
info: Data inserted for device: mock_device {"service":"user-service"}
info: Data inserted for device: mock_device {"service":"user-service"}
info: Data inserted for device: mock_device {"service":"user-service"}
info: Data inserted for device: mock_device {"service":"user-service"}
info: Data inserted for device: mock_device {"service":"user-service"}
info: Data inserted for device: mock_device {"service":"user-service"}
info: Data inserted for device: mock_device {"service":"user-service"}
info: Data inserted for device: mock_device {"service":"user-service"}
info: Data inserted for device: mock_device {"service":"user-service"}
info: Data inserted for device: mock_device {"service":"user-service"}
info: Data inserted for device: mock_device {"service":"user-service"}
info: Data inserted for device: mock_device {"service":"user-service"}
info: Data inserted for device: mock_device {"service":"user-service"}
error: [object Object] {"service":"user-service"}
info: Data inserted for device: mock_device {"service":"user-service"}
info: Data inserted for device: mock_device {"service":"user-service"}
info: Data inserted for device: mock_device {"service":"user-service"}
info: Data inserted for device: mock_device {"service":"user-service"}
info: Data inserted for device: mock_device {"service":"user-service"}
info: Data inserted for device: mock_device {"service":"user-service"}
info: Data inserted for device: mock_device {"service":"user-service"}
info: Data inserted for device: mock_device {"service":"user-service"}
info: Data inserted for device: mock_device {"service":"user-service"}
info: Data inserted for device: mock_device {"service":"user-service"}
info: Data inserted for device: mock_device {"service":"user-service"}
info: Data inserted for device: mock_device {"service":"user-service"}
info: Data inserted for device: mock_device {"service":"user-service"}
info: Data inserted for device: mock_device {"service":"user-service"}
info: Data inserted for device: mock_device {"service":"user-service"}
info: Data inserted for device: mock_device {"service":"user-service"}
info: Data inserted for device: mock_device {"service":"user-service"}
info: Data inserted for device: mock_device {"service":"user-service"}
error: [object Object] {"service":"user-service"}
info: Data inserted for device: mock_device {"service":"user-service"}
info: Data inserted for device: mock_device {"service":"user-service"}
info: Data inserted for device: mock_device {"service":"user-service"}
info: Data inserted for device: mock_device {"service":"user-service"}
info: Data inserted for device: mock_device {"service":"user-service"}
info: Data inserted for device: mock_device {"service":"user-service"}
info: Data inserted for device: mock_device {"service":"user-service"}
info: Data inserted for device: mock_device {"service":"user-service"}
info: Data inserted for device: mock_device {"service":"user-service"}
info: Data inserted for device: mock_device {"service":"user-service"}
info: Data inserted for device: mock_device {"service":"user-service"}
info: Data inserted for device: mock_device {"service":"user-service"}
info: Data inserted for device: mock_device {"service":"user-service"}
info: Data inserted for device: mock_device {"service":"user-service"}
info: Data inserted for device: mock_device {"service":"user-service"}
info: Data inserted for device: mock_device {"service":"user-service"}
info: Data inserted for device: mock_device {"service":"user-service"}
info: Data inserted for device: mock_device {"service":"user-service"}
info: Data inserted for device: mock_device {"service":"user-service"}
error: [object Object] {"service":"user-service"}
info: Data inserted for device: mock_device {"service":"user-service"}
info: Data inserted for device: mock_device {"service":"user-service"}
info: Data inserted for device: mock_device {"service":"user-service"}
info: Data inserted for device: mock_device {"service":"user-service"}
info: Data inserted for device: mock_device {"service":"user-service"}
info: Data inserted for device: mock_device {"service":"user-service"}
info: Data inserted for device: mock_device {"service":"user-service"}
info: Data inserted for device: mock_device {"service":"user-service"}
info: Data inserted for device: mock_device {"service":"user-service"}
info: Data inserted for device: mock_device {"service":"user-service"}
info: Data inserted for device: mock_device {"service":"user-service"}
info: Data inserted for device: mock_device {"service":"user-service"}
info: Data inserted for device: mock_device {"service":"user-service"}
info: Data inserted for device: mock_device {"service":"user-service"}
info: Data inserted for device: mock_device {"service":"user-service"}
info: Data inserted for device: mock_device {"service":"user-service"}
info: Data inserted for device: mock_device {"service":"user-service"}
info: Data inserted for device: mock_device {"service":"user-service"}
info: Data inserted for device: mock_device {"service":"user-service"}
error: [object Object] {"service":"user-service"}
info: Data inserted for device: mock_device {"service":"user-service"}
info: Data inserted for device: mock_device {"service":"user-service"}
info: Data inserted for device: mock_device {"service":"user-service"}
info: Data inserted for device: mock_device {"service":"user-service"}
info: Data inserted for device: mock_device {"service":"user-service"}
info: Data inserted for device: mock_device {"service":"user-service"}
info: Data inserted for device: mock_device {"service":"user-service"}
info: Data inserted for device: mock_device {"service":"user-service"}
info: Data inserted for device: mock_device {"service":"user-service"}
info: Data inserted for device: mock_device {"service":"user-service"}
info: Data inserted for device: mock_device {"service":"user-service"}
info: Data inserted for device: mock_device {"service":"user-service"}
info: Data inserted for device: mock_device {"service":"user-service"}
info: Data inserted for device: mock_device {"service":"user-service"}
info: Data inserted for device: mock_device {"service":"user-service"}
info: Data inserted for device: mock_device {"service":"user-service"}
info: Data inserted for device: mock_device {"service":"user-service"}
info: Data inserted for device: mock_device {"service":"user-service"}
error: [object Object] {"service":"user-service"}
info: Data inserted for device: mock_device {"service":"user-service"}
info: Data inserted for device: mock_device {"service":"user-service"}
info: Data inserted for device: mock_device {"service":"user-service"}
info: Data inserted for device: mock_device {"service":"user-service"}
info: Data inserted for device: mock_device {"service":"user-service"}
info: Data inserted for device: mock_device {"service":"user-service"}
info: Data inserted for device: mock_device {"service":"user-service"}
info: Data inserted for device: mock_device {"service":"user-service"}
info: Data inserted for device: mock_device {"service":"user-service"}
info: Data inserted for device: mock_device {"service":"user-service"}
info: Data inserted for device: mock_device {"service":"user-service"}
info: Data inserted for device: mock_device {"service":"user-service"}
info: Data inserted for device: mock_device {"service":"user-service"}
info: Data inserted for device: mock_device {"service":"user-service"}
info: Data inserted for device: mock_device {"service":"user-service"}
info: Data inserted for device: mock_device {"service":"user-service"}
info: Data inserted for device: mock_device {"service":"user-service"}
info: Data inserted for device: mock_device {"service":"user-service"}
info: Data inserted for device: mock_device {"service":"user-service"}
error: [object Object] {"service":"user-service"}
info: Data inserted for device: mock_device {"service":"user-service"}
info: Data inserted for device: mock_device {"service":"user-service"}
info: Data inserted for device: mock_device {"service":"user-service"}
info: Data inserted for device: mock_device {"service":"user-service"}
info: Data inserted for device: mock_device {"service":"user-service"}
info: Data inserted for device: mock_device {"service":"user-service"}
info: Data inserted for device: mock_device {"service":"user-service"}
info: Data inserted for device: mock_device {"service":"user-service"}
info: Data inserted for device: mock_device {"service":"user-service"}
info: Data inserted for device: mock_device {"service":"user-service"}
info: Data inserted for device: mock_device {"service":"user-service"}
info: Data inserted for device: mock_device {"service":"user-service"}
info: Data inserted for device: mock_device {"service":"user-service"}
info: Data inserted for device: mock_device {"service":"user-service"}
info: Data inserted for device: mock_device {"service":"user-service"}
info: Data inserted for device: mock_device {"service":"user-service"}
info: Data inserted for device: mock_device {"service":"user-service"}
info: Data inserted for device: 249396 {"service":"user-service"}
